<?xml version="1.0" encoding="UTF-8"?>
<testng-results ignored="0" total="3" passed="3" failed="0" skipped="0">
  <reporter-output>
  </reporter-output>
  <suite started-at="2022-02-09T10:31:52 IST" name="NAGP Preparation" finished-at="2022-02-09T10:32:21 IST" duration-ms="29503">
    <groups>
    </groups>
    <test started-at="2022-02-09T10:31:52 IST" name="Regression" finished-at="2022-02-09T10:32:21 IST" duration-ms="29503">
      <class name="com.nagp.prepnew.test.NagarroHomePageTest">
        <test-method is-config="true" signature="setExtent()[pri:0, instance:com.nagp.prepnew.test.NagarroHomePageTest@7a6d7e92]" started-at="2022-02-09T10:31:52 IST" name="setExtent" finished-at="2022-02-09T10:31:52 IST" duration-ms="0" status="PASS">
          <reporter-output>
          </reporter-output>
        </test-method> <!-- setExtent -->
        <test-method is-config="true" signature="setup()[pri:0, instance:com.nagp.prepnew.test.NagarroHomePageTest@7a6d7e92]" started-at="2022-02-09T10:31:52 IST" name="setup" finished-at="2022-02-09T10:32:02 IST" duration-ms="10069" status="PASS">
          <reporter-output>
          </reporter-output>
        </test-method> <!-- setup -->
        <test-method signature="validateNagarroContactUsPageClickTest()[pri:0, instance:com.nagp.prepnew.test.NagarroHomePageTest@7a6d7e92]" started-at="2022-02-09T10:32:02 IST" name="validateNagarroContactUsPageClickTest" finished-at="2022-02-09T10:32:04 IST" duration-ms="2698" status="PASS">
          <reporter-output>
          </reporter-output>
        </test-method> <!-- validateNagarroContactUsPageClickTest -->
        <test-method is-config="true" signature="tearDown()[pri:0, instance:com.nagp.prepnew.test.NagarroHomePageTest@7a6d7e92]" started-at="2022-02-09T10:32:04 IST" name="tearDown" finished-at="2022-02-09T10:32:05 IST" duration-ms="910" status="PASS">
          <reporter-output>
          </reporter-output>
        </test-method> <!-- tearDown -->
        <test-method is-config="true" signature="setup()[pri:0, instance:com.nagp.prepnew.test.NagarroHomePageTest@7a6d7e92]" started-at="2022-02-09T10:32:05 IST" name="setup" finished-at="2022-02-09T10:32:10 IST" duration-ms="4471" status="PASS">
          <reporter-output>
          </reporter-output>
        </test-method> <!-- setup -->
        <test-method signature="validateNagarroHomePageLogoTest()[pri:0, instance:com.nagp.prepnew.test.NagarroHomePageTest@7a6d7e92]" started-at="2022-02-09T10:32:10 IST" name="validateNagarroHomePageLogoTest" finished-at="2022-02-09T10:32:10 IST" duration-ms="167" status="PASS">
          <reporter-output>
          </reporter-output>
        </test-method> <!-- validateNagarroHomePageLogoTest -->
        <test-method is-config="true" signature="tearDown()[pri:0, instance:com.nagp.prepnew.test.NagarroHomePageTest@7a6d7e92]" started-at="2022-02-09T10:32:10 IST" name="tearDown" finished-at="2022-02-09T10:32:11 IST" duration-ms="945" status="PASS">
          <reporter-output>
          </reporter-output>
        </test-method> <!-- tearDown -->
      </class> <!-- com.nagp.prepnew.test.NagarroHomePageTest -->
      <class name="com.nagp.prepnew.test.NagarroContactUsPageTest">
        <test-method is-config="true" signature="setExtent()[pri:0, instance:com.nagp.prepnew.test.NagarroContactUsPageTest@3932c79a]" started-at="2022-02-09T10:31:52 IST" name="setExtent" finished-at="2022-02-09T10:31:52 IST" duration-ms="8" status="PASS">
          <reporter-output>
          </reporter-output>
        </test-method> <!-- setExtent -->
        <test-method is-config="true" signature="setup()[pri:0, instance:com.nagp.prepnew.test.NagarroContactUsPageTest@3932c79a]" started-at="2022-02-09T10:32:11 IST" name="setup" finished-at="2022-02-09T10:32:17 IST" duration-ms="5973" status="PASS">
          <reporter-output>
          </reporter-output>
        </test-method> <!-- setup -->
        <test-method signature="validateContactUsButtonClickTest()[pri:0, instance:com.nagp.prepnew.test.NagarroContactUsPageTest@3932c79a]" started-at="2022-02-09T10:32:17 IST" name="validateContactUsButtonClickTest" finished-at="2022-02-09T10:32:20 IST" duration-ms="3294" status="PASS">
          <reporter-output>
          </reporter-output>
        </test-method> <!-- validateContactUsButtonClickTest -->
        <test-method is-config="true" signature="tearDown()[pri:0, instance:com.nagp.prepnew.test.NagarroContactUsPageTest@3932c79a]" started-at="2022-02-09T10:32:20 IST" name="tearDown" finished-at="2022-02-09T10:32:21 IST" duration-ms="935" status="PASS">
          <reporter-output>
          </reporter-output>
        </test-method> <!-- tearDown -->
      </class> <!-- com.nagp.prepnew.test.NagarroContactUsPageTest -->
    </test> <!-- Regression -->
  </suite> <!-- NAGP Preparation -->
</testng-results>
