<?xml version="1.0" encoding="UTF-8"?>
<testsuite name="TestSuite" time="4.108" tests="3" errors="0" skipped="0" failures="0">
  <properties>
[...]
</properties>
  <testcase name="validateNagarroContactUsPageClickTest" classname="com.nagp.prepnew.test.NagarroHomePageTest" time="0.948"/>
  <testcase name="validateNagarroHomePageLogoTest" classname="com.nagp.prepnew.test.NagarroHomePageTest" time="0"/>
  <testcase name="validateContactUsButtonClickTest" classname="com.nagp.prepnew.test.NagarroContactUsPageTest" time="3.16"/>
</testsuite>