<?xml version="1.0" encoding="UTF-8"?>
<testng-results ignored="0" total="3" passed="3" failed="0" skipped="0">
  <reporter-output>
  </reporter-output>
  <suite started-at="2022-02-08T21:57:05 IST" name="NAGP Preparation" finished-at="2022-02-08T21:57:30 IST" duration-ms="24979">
    <groups>
    </groups>
    <test started-at="2022-02-08T21:57:05 IST" name="Regression" finished-at="2022-02-08T21:57:30 IST" duration-ms="24979">
      <class name="com.nagp.prepnew.test.NagarroHomePageTest">
        <test-method is-config="true" signature="setExtent()[pri:0, instance:com.nagp.prepnew.test.NagarroHomePageTest@68878f6d]" started-at="2022-02-08T21:57:05 IST" name="setExtent" finished-at="2022-02-08T21:57:05 IST" duration-ms="0" status="PASS">
          <reporter-output>
          </reporter-output>
        </test-method> <!-- setExtent -->
        <test-method is-config="true" signature="setup()[pri:0, instance:com.nagp.prepnew.test.NagarroHomePageTest@68878f6d]" started-at="2022-02-08T21:57:05 IST" name="setup" finished-at="2022-02-08T21:57:13 IST" duration-ms="7798" status="PASS">
          <reporter-output>
          </reporter-output>
        </test-method> <!-- setup -->
        <test-method signature="validateNagarroContactUsPageClickTest()[pri:0, instance:com.nagp.prepnew.test.NagarroHomePageTest@68878f6d]" started-at="2022-02-08T21:57:13 IST" name="validateNagarroContactUsPageClickTest" finished-at="2022-02-08T21:57:16 IST" duration-ms="2773" status="PASS">
          <reporter-output>
          </reporter-output>
        </test-method> <!-- validateNagarroContactUsPageClickTest -->
        <test-method is-config="true" signature="tearDown()[pri:0, instance:com.nagp.prepnew.test.NagarroHomePageTest@68878f6d]" started-at="2022-02-08T21:57:16 IST" name="tearDown" finished-at="2022-02-08T21:57:17 IST" duration-ms="785" status="PASS">
          <reporter-output>
          </reporter-output>
        </test-method> <!-- tearDown -->
        <test-method is-config="true" signature="setup()[pri:0, instance:com.nagp.prepnew.test.NagarroHomePageTest@68878f6d]" started-at="2022-02-08T21:57:17 IST" name="setup" finished-at="2022-02-08T21:57:21 IST" duration-ms="4205" status="PASS">
          <reporter-output>
          </reporter-output>
        </test-method> <!-- setup -->
        <test-method signature="validateNagarroHomePageLogoTest()[pri:0, instance:com.nagp.prepnew.test.NagarroHomePageTest@68878f6d]" started-at="2022-02-08T21:57:21 IST" name="validateNagarroHomePageLogoTest" finished-at="2022-02-08T21:57:21 IST" duration-ms="113" status="PASS">
          <reporter-output>
          </reporter-output>
        </test-method> <!-- validateNagarroHomePageLogoTest -->
        <test-method is-config="true" signature="tearDown()[pri:0, instance:com.nagp.prepnew.test.NagarroHomePageTest@68878f6d]" started-at="2022-02-08T21:57:21 IST" name="tearDown" finished-at="2022-02-08T21:57:22 IST" duration-ms="809" status="PASS">
          <reporter-output>
          </reporter-output>
        </test-method> <!-- tearDown -->
      </class> <!-- com.nagp.prepnew.test.NagarroHomePageTest -->
      <class name="com.nagp.prepnew.test.NagarroContactUsPageTest">
        <test-method is-config="true" signature="setExtent()[pri:0, instance:com.nagp.prepnew.test.NagarroContactUsPageTest@16612a51]" started-at="2022-02-08T21:57:05 IST" name="setExtent" finished-at="2022-02-08T21:57:05 IST" duration-ms="11" status="PASS">
          <reporter-output>
          </reporter-output>
        </test-method> <!-- setExtent -->
        <test-method is-config="true" signature="setup()[pri:0, instance:com.nagp.prepnew.test.NagarroContactUsPageTest@16612a51]" started-at="2022-02-08T21:57:22 IST" name="setup" finished-at="2022-02-08T21:57:26 IST" duration-ms="4385" status="PASS">
          <reporter-output>
          </reporter-output>
        </test-method> <!-- setup -->
        <test-method signature="validateContactUsButtonClickTest()[pri:0, instance:com.nagp.prepnew.test.NagarroContactUsPageTest@16612a51]" started-at="2022-02-08T21:57:26 IST" name="validateContactUsButtonClickTest" finished-at="2022-02-08T21:57:30 IST" duration-ms="3276" status="PASS">
          <reporter-output>
          </reporter-output>
        </test-method> <!-- validateContactUsButtonClickTest -->
        <test-method is-config="true" signature="tearDown()[pri:0, instance:com.nagp.prepnew.test.NagarroContactUsPageTest@16612a51]" started-at="2022-02-08T21:57:30 IST" name="tearDown" finished-at="2022-02-08T21:57:30 IST" duration-ms="795" status="PASS">
          <reporter-output>
          </reporter-output>
        </test-method> <!-- tearDown -->
      </class> <!-- com.nagp.prepnew.test.NagarroContactUsPageTest -->
    </test> <!-- Regression -->
  </suite> <!-- NAGP Preparation -->
</testng-results>
