<?xml version="1.0" encoding="UTF-8"?>
<testng-results skipped="0" failed="0" total="3" passed="3">
  <reporter-output>
  </reporter-output>
  <suite name="NAGP Preparation" duration-ms="21229" started-at="2022-02-07T06:20:20Z" finished-at="2022-02-07T06:20:42Z">
    <groups>
    </groups>
    <test name="Regression" duration-ms="21229" started-at="2022-02-07T06:20:20Z" finished-at="2022-02-07T06:20:42Z">
      <class name="com.nagp.prepnew.test.NagarroHomePageTest">
        <test-method status="PASS" signature="setup()[pri:0, instance:com.nagp.prepnew.test.NagarroHomePageTest@3911c2a7]" name="setup" is-config="true" duration-ms="5408" started-at="2022-02-07T11:50:20Z" finished-at="2022-02-07T11:50:26Z">
          <reporter-output>
          </reporter-output>
        </test-method> <!-- setup -->
        <test-method status="PASS" signature="validateNagarroContactUsPageClickTest()[pri:0, instance:com.nagp.prepnew.test.NagarroHomePageTest@3911c2a7]" name="validateNagarroContactUsPageClickTest" duration-ms="1123" started-at="2022-02-07T11:50:26Z" finished-at="2022-02-07T11:50:27Z">
          <reporter-output>
          </reporter-output>
        </test-method> <!-- validateNagarroContactUsPageClickTest -->
        <test-method status="PASS" signature="tearDown()[pri:0, instance:com.nagp.prepnew.test.NagarroHomePageTest@3911c2a7]" name="tearDown" is-config="true" duration-ms="719" started-at="2022-02-07T11:50:27Z" finished-at="2022-02-07T11:50:28Z">
          <reporter-output>
          </reporter-output>
        </test-method> <!-- tearDown -->
        <test-method status="PASS" signature="setup()[pri:0, instance:com.nagp.prepnew.test.NagarroHomePageTest@3911c2a7]" name="setup" is-config="true" duration-ms="4104" started-at="2022-02-07T11:50:28Z" finished-at="2022-02-07T11:50:32Z">
          <reporter-output>
          </reporter-output>
        </test-method> <!-- setup -->
        <test-method status="PASS" signature="validateNagarroHomePageLogoTest()[pri:0, instance:com.nagp.prepnew.test.NagarroHomePageTest@3911c2a7]" name="validateNagarroHomePageLogoTest" duration-ms="90" started-at="2022-02-07T11:50:32Z" finished-at="2022-02-07T11:50:32Z">
          <reporter-output>
          </reporter-output>
        </test-method> <!-- validateNagarroHomePageLogoTest -->
        <test-method status="PASS" signature="tearDown()[pri:0, instance:com.nagp.prepnew.test.NagarroHomePageTest@3911c2a7]" name="tearDown" is-config="true" duration-ms="798" started-at="2022-02-07T11:50:32Z" finished-at="2022-02-07T11:50:33Z">
          <reporter-output>
          </reporter-output>
        </test-method> <!-- tearDown -->
      </class> <!-- com.nagp.prepnew.test.NagarroHomePageTest -->
      <class name="com.nagp.prepnew.test.NagarroContactUsPageTest">
        <test-method status="PASS" signature="setExtent()[pri:0, instance:com.nagp.prepnew.test.NagarroContactUsPageTest@4ac3c60d]" name="setExtent" is-config="true" duration-ms="7" started-at="2022-02-07T11:50:20Z" finished-at="2022-02-07T11:50:20Z">
          <reporter-output>
          </reporter-output>
        </test-method> <!-- setExtent -->
        <test-method status="PASS" signature="setExtent()[pri:0, instance:com.nagp.prepnew.test.NagarroHomePageTest@3911c2a7]" name="setExtent" is-config="true" duration-ms="4" started-at="2022-02-07T11:50:20Z" finished-at="2022-02-07T11:50:20Z">
          <reporter-output>
          </reporter-output>
        </test-method> <!-- setExtent -->
        <test-method status="PASS" signature="setup()[pri:0, instance:com.nagp.prepnew.test.NagarroContactUsPageTest@4ac3c60d]" name="setup" is-config="true" duration-ms="4422" started-at="2022-02-07T11:50:33Z" finished-at="2022-02-07T11:50:37Z">
          <reporter-output>
          </reporter-output>
        </test-method> <!-- setup -->
        <test-method status="PASS" signature="validateContactUsButtonClickTest()[pri:0, instance:com.nagp.prepnew.test.NagarroContactUsPageTest@4ac3c60d]" name="validateContactUsButtonClickTest" duration-ms="3292" started-at="2022-02-07T11:50:37Z" finished-at="2022-02-07T11:50:40Z">
          <reporter-output>
          </reporter-output>
        </test-method> <!-- validateContactUsButtonClickTest -->
        <test-method status="PASS" signature="tearDown()[pri:0, instance:com.nagp.prepnew.test.NagarroContactUsPageTest@4ac3c60d]" name="tearDown" is-config="true" duration-ms="1258" started-at="2022-02-07T11:50:40Z" finished-at="2022-02-07T11:50:42Z">
          <reporter-output>
          </reporter-output>
        </test-method> <!-- tearDown -->
      </class> <!-- com.nagp.prepnew.test.NagarroContactUsPageTest -->
    </test> <!-- Regression -->
  </suite> <!-- NAGP Preparation -->
</testng-results>
