<?xml version="1.0" encoding="UTF-8"?>
<!-- Generated by org.testng.reporters.JUnitXMLReporter -->
<testsuite hostname="Anujalhans01" name="Regression" tests="3" failures="0" timestamp="7 Feb 2022 06:20:42 GMT" time="21.229" errors="0">
  <testcase name="validateNagarroContactUsPageClickTest" time="1.123" classname="com.nagp.prepnew.test.NagarroHomePageTest"/>
  <testcase name="validateNagarroHomePageLogoTest" time="0.09" classname="com.nagp.prepnew.test.NagarroHomePageTest"/>
  <testcase name="validateContactUsButtonClickTest" time="3.292" classname="com.nagp.prepnew.test.NagarroContactUsPageTest"/>
</testsuite> <!-- Regression -->
