<?xml version="1.0" encoding="UTF-8"?>
<!-- Generated by org.testng.reporters.JUnitXMLReporter -->
<testsuite ignored="0" hostname="Anujalhans01" failures="0" tests="3" name="Regression" time="29.503" errors="0" timestamp="2022-02-09T10:32:21 IST">
  <testcase classname="com.nagp.prepnew.test.NagarroHomePageTest" name="validateNagarroContactUsPageClickTest" time="2.698"/>
  <testcase classname="com.nagp.prepnew.test.NagarroHomePageTest" name="validateNagarroHomePageLogoTest" time="0.167"/>
  <testcase classname="com.nagp.prepnew.test.NagarroContactUsPageTest" name="validateContactUsButtonClickTest" time="3.294"/>
</testsuite> <!-- Regression -->
