<?xml version="1.0" encoding="UTF-8"?>
<!-- Generated by org.testng.reporters.JUnitXMLReporter -->
<testsuite hostname="Anujalhans01" ignored="0" name="Regression" tests="3" failures="0" timestamp="2021-09-05T15:08:10 IST" time="26.893" errors="0">
  <testcase name="validateNagarroContactUsPageClickTest" time="1.117" classname="com.nagp.prepnew.test.NagarroHomePageTest"/>
  <testcase name="validateNagarroHomePageLogoTest" time="0.149" classname="com.nagp.prepnew.test.NagarroHomePageTest"/>
  <testcase name="validateContactUsButtonClickTest" time="3.288" classname="com.nagp.prepnew.test.NagarroContactUsPageTest"/>
</testsuite> <!-- Regression -->
